14:53:31.833 INFO [GridLauncherV3.parse] - Selenium server version: 3.141.59, revision: e82be7d358
14:53:31.915 INFO [GridLauncherV3.lambda$buildLaunchers$3] - Launching a standalone Selenium Server on port 4444
2019-11-26 14:53:31.979:INFO::main: Logging initialized @364ms to org.seleniumhq.jetty9.util.log.StdErrLog
14:53:32.255 INFO [WebDriverServlet.<init>] - Initialising WebDriverServlet
14:53:32.366 INFO [SeleniumServer.boot] - Selenium Server is up and running on port 4444
14:53:32.708 INFO [ActiveSessionFactory.apply] - Capabilities are: {
  "acceptSslCerts": true,
  "browserName": "chrome",
  "chromeOptions": {
    "w3c": false
  },
  "name": "Group Test"
}
14:53:32.711 INFO [ActiveSessionFactory.lambda$apply$11] - Matched factory org.openqa.selenium.grid.session.remote.ServicedSession$Factory (provider: org.openqa.selenium.chrome.ChromeDriverService)
Starting ChromeDriver 78.0.3904.70 (edb9c9f3de0247fd912a77b7f6cae7447f6d3ad5-refs/branch-heads/3904@{#800}) on port 23281
Only local connections are allowed.
Please protect ports used by ChromeDriver and related test frameworks to prevent access by malicious code.
14:53:34.277 INFO [ProtocolHandshake.createSession] - Detected dialect: OSS
14:53:34.659 INFO [RemoteSession$Factory.lambda$performHandshake$0] - Started new session 85f85613b2e1cc59e6049673bc1d759a (org.openqa.selenium.chrome.ChromeDriverService)
14:53:41.150 INFO [ActiveSessions$1.onStop] - Removing session 85f85613b2e1cc59e6049673bc1d759a (org.openqa.selenium.chrome.ChromeDriverService)
